<?xml version="1.0" encoding="UTF-8"?>
<testsuite name="DashboardsController::GET :index" skipped="0" failures="0" errors="0" tests="2" assertions="2" time="0.007243255999128451">
  <testcase name="test_0001_should be successful" classname="DashboardsController::GET :index" assertions="1" time="0.005671719000019948">
  </testcase>
  <testcase name="test_0002_should return the correct message when is passed" classname="DashboardsController::GET :index" assertions="1" time="0.0015715369991085026">
  </testcase>
</testsuite>
