<?xml version="1.0" encoding="UTF-8"?>
<testsuite name="User" skipped="0" failures="0" errors="0" tests="1" assertions="1" time="0.033718168997438625">
  <testcase name="test_0001_Should not be valid" classname="User" assertions="1" time="0.033718168997438625">
  </testcase>
</testsuite>
