<?xml version="1.0" encoding="UTF-8"?>
<testsuite name="Api::V3::ApiControllerTest" skipped="0" failures="0" errors="0" tests="1" assertions="0" time="0.0010711380000429926">
  <testcase name="test_0001_#index Go to the Page Api::V3" classname="Api::V3::ApiControllerTest" assertions="0" time="0.0010711380000429926">
  </testcase>
</testsuite>
