<?xml version="1.0" encoding="UTF-8"?>
<testsuite name="Api::V2::ApiControllerTest" skipped="0" failures="0" errors="0" tests="1" assertions="0" time="0.001024092998704873">
  <testcase name="test_0001_#index Go to the Page Api::V2" classname="Api::V2::ApiControllerTest" assertions="0" time="0.001024092998704873">
  </testcase>
</testsuite>
