<?xml version="1.0" encoding="UTF-8"?>
<testsuite name="ErrorsController::404 page" skipped="0" failures="0" errors="0" tests="1" assertions="1" time="0.002105575999848952">
  <testcase name="test_0001_anonymous" classname="ErrorsController::404 page" assertions="1" time="0.002105575999848952">
  </testcase>
</testsuite>
