<?xml version="1.0" encoding="UTF-8"?>
<testsuite name="API::V1::UsersController" skipped="0" failures="0" errors="0" tests="1" assertions="1" time="0.020124749999922642">
  <testcase name="test_0001_should get index" classname="API::V1::UsersController" assertions="1" time="0.020124749999922642">
  </testcase>
</testsuite>
