<?xml version="1.0" encoding="UTF-8"?>
<testsuite name="DashboardsController::GET :index" skipped="0" failures="0" errors="0" tests="2" assertions="2" time="0.011760911999772361">
  <testcase name="test_0001_should be successful" classname="DashboardsController::GET :index" assertions="1" time="0.00916317999963212">
  </testcase>
  <testcase name="test_0002_should return the correct message when is passed" classname="DashboardsController::GET :index" assertions="1" time="0.0025977320001402404">
  </testcase>
</testsuite>
