<?xml version="1.0" encoding="UTF-8"?>
<testsuite name="API::V3::UsersController" skipped="0" failures="0" errors="0" tests="1" assertions="1" time="0.020711904000563663">
  <testcase name="test_0001_should get index" classname="API::V3::UsersController" assertions="1" time="0.020711904000563663">
  </testcase>
</testsuite>
