<?xml version="1.0" encoding="UTF-8"?>
<testsuite name="Api::V1::ApiControllerTest" skipped="0" failures="0" errors="0" tests="1" assertions="0" time="0.0009449960016354453">
  <testcase name="test_0001_#index Go to the Page Api::V1" classname="Api::V1::ApiControllerTest" assertions="0" time="0.0009449960016354453">
  </testcase>
</testsuite>
