<?xml version="1.0" encoding="UTF-8"?>
<testsuite name="User" skipped="0" failures="0" errors="0" tests="1" assertions="1" time="0.08185422399992603">
  <testcase name="test_0001_no debe ser vÃ¡lido" classname="User" assertions="1" time="0.08185422399992603">
  </testcase>
</testsuite>
